Log file open, 07/25/18 08:59:56
LogWindows: Failed to load 'aqProf.dll' (GetLastError=126)
LogWindows: File 'aqProf.dll' does not exist
LogWindows: Failed to load 'VSPerf140.dll' (GetLastError=126)
LogWindows: File 'VSPerf140.dll' does not exist
LogWindows: Failed to load 'VtuneApi.dll' (GetLastError=126)
LogWindows: File 'VtuneApi.dll' does not exist
LogWindows: Failed to load 'VtuneApi32e.dll' (GetLastError=126)
LogWindows: File 'VtuneApi32e.dll' does not exist
LogInit: Display: Running engine for game: fps_ca
LogPlatformFile: Not using cached read wrapper
LogTaskGraph: Started task graph with 5 named threads and 23 total threads with 3 sets of task threads.
LogStats: Stats thread started at 0.252436
LogD3D11RHI: Loaded GFSDK_Aftermath_Lib.x64.dll
LogICUInternationalization: Display: ICU TimeZone Detection - Raw Offset: -5:00, Platform Override: ''
LogPluginManager: Mounting plugin Paper2D
LogPluginManager: Mounting plugin AISupport
LogPluginManager: Mounting plugin LightPropagationVolume
LogPluginManager: Mounting plugin CLionSourceCodeAccess
LogPluginManager: Mounting plugin CodeLiteSourceCodeAccess
LogPluginManager: Mounting plugin GitSourceControl
LogPluginManager: Mounting plugin KDevelopSourceCodeAccess
LogPluginManager: Mounting plugin NullSourceCodeAccess
LogPluginManager: Mounting plugin PerforceSourceControl
LogPluginManager: Mounting plugin SubversionSourceControl
LogPluginManager: Mounting plugin UObjectPlugin
LogPluginManager: Mounting plugin VisualStudioCodeSourceCodeAccess
LogPluginManager: Mounting plugin VisualStudioSourceCodeAccess
LogPluginManager: Mounting plugin XCodeSourceCodeAccess
LogPluginManager: Mounting plugin AssetManagerEditor
LogPluginManager: Mounting plugin CryptoKeys
LogPluginManager: Mounting plugin DataValidation
LogPluginManager: Mounting plugin FacialAnimation
LogPluginManager: Mounting plugin GameplayTagsEditor
LogPluginManager: Mounting plugin MacGraphicsSwitching
LogPluginManager: Mounting plugin MeshEditor
LogPluginManager: Mounting plugin MobileLauncherProfileWizard
LogPluginManager: Mounting plugin PluginBrowser
LogPluginManager: Mounting plugin SpeedTreeImporter
LogPluginManager: Mounting plugin DatasmithContent
LogPluginManager: Mounting plugin AlembicImporter
LogPluginManager: Mounting plugin AppleImageUtils
LogPluginManager: Mounting plugin AppleVision
LogPluginManager: Mounting plugin BackChannel
LogPluginManager: Mounting plugin CharacterAI
LogPluginManager: Mounting plugin GeometryCache
LogPluginManager: Mounting plugin HTML5Networking
LogPluginManager: Mounting plugin ProxyLODPlugin
LogPluginManager: Mounting plugin MagicLeap
LogPluginManager: Mounting plugin MagicLeapEmulator
LogPluginManager: Mounting plugin MagicLeapMedia
LogPluginManager: Mounting plugin AndroidMedia
LogPluginManager: Mounting plugin AvfMedia
LogPluginManager: Mounting plugin ImgMedia
LogPluginManager: Mounting plugin LinearTimecode
LogPluginManager: Mounting plugin MediaCompositing
LogPluginManager: Mounting plugin MediaPlayerEditor
LogPluginManager: Mounting plugin WmfMedia
LogPluginManager: Mounting plugin TcpMessaging
LogPluginManager: Mounting plugin UdpMessaging
LogPluginManager: Mounting plugin ActorSequence
LogPluginManager: Mounting plugin LevelSequenceEditor
LogPluginManager: Mounting plugin MatineeToLevelSequence
LogPluginManager: Mounting plugin NetcodeUnitTest
LogPluginManager: Mounting plugin NUTUnrealEngine4
LogPluginManager: Mounting plugin OnlineSubsystemGooglePlay
LogPluginManager: Mounting plugin OnlineSubsystemIOS
LogPluginManager: Mounting plugin OnlineSubsystem
LogPluginManager: Mounting plugin OnlineSubsystemNull
LogPluginManager: Mounting plugin OnlineSubsystemUtils
LogPluginManager: Mounting plugin LauncherChunkInstaller
LogPluginManager: Mounting plugin AndroidDeviceProfileSelector
LogPluginManager: Mounting plugin AndroidMoviePlayer
LogPluginManager: Mounting plugin AndroidPermission
LogPluginManager: Mounting plugin AppleMoviePlayer
LogPluginManager: Mounting plugin ArchVisCharacter
LogPluginManager: Mounting plugin AudioCapture
LogPluginManager: Mounting plugin CableComponent
LogPluginManager: Mounting plugin CustomMeshComponent
LogPluginManager: Mounting plugin EditableMesh
LogPluginManager: Mounting plugin ExampleDeviceProfileSelector
LogPluginManager: Mounting plugin GoogleCloudMessaging
LogPluginManager: Mounting plugin ImmediatePhysics
LogPluginManager: Mounting plugin IOSDeviceProfileSelector
LogPluginManager: Mounting plugin LinuxDeviceProfileSelector
LogPluginManager: Mounting plugin LocationServicesBPLibrary
LogPluginManager: Mounting plugin MobilePatchingUtils
LogPluginManager: Mounting plugin OculusVR
LogPluginManager: Plugin shader directory ../../../Engine/Plugins/Runtime/Oculus/OculusVR/Shaders found
LogPluginManager: Mapping shader source directory ../../../Engine/Plugins/Runtime/Oculus/OculusVR/Shaders to virtual directory /Plugin/OculusVR
LogPluginManager: Mounting plugin PhysXVehicles
LogPluginManager: Mounting plugin ProceduralMeshComponent
LogPluginManager: Mounting plugin RuntimePhysXCooking
LogPluginManager: Mounting plugin SteamVR
LogPluginManager: Mounting plugin WindowsMoviePlayer
LogStreaming: Display: Took  0.062s to configure plugins.
LogInit: Using libcurl 7.55.1-DEV
LogInit:  - built for x86_64-pc-win32
LogInit:  - supports SSL with OpenSSL/1.0.2h
LogInit:  - supports HTTP deflate (compression) using libz 1.2.8
LogInit:  - other features:
LogInit:      CURL_VERSION_SSL
LogInit:      CURL_VERSION_LIBZ
LogInit:      CURL_VERSION_IPV6
LogInit:      CURL_VERSION_ASYNCHDNS
LogInit:      CURL_VERSION_LARGEFILE
LogInit:      CURL_VERSION_IDN
LogInit:  CurlRequestOptions (configurable via config and command line):
LogInit:  - bVerifyPeer = false  - Libcurl will NOT verify peer certificate
LogInit:  - bUseHttpProxy = false  - Libcurl will NOT use HTTP proxy
LogInit:  - bDontReuseConnections = false  - Libcurl will reuse connections
LogInit:  - CertBundlePath = nullptr  - Libcurl will use whatever was configured at build time.
LogInit:  - MaxHostConnections = 16  - Libcurl will limit the number of connections to a host
LogInit:  - LocalHostAddr = Default
LogInit:  - BufferSize = 65536
LogInit: WinSock: version 1.1 (2.2), MaxSocks=32767, MaxUdp=65467
LogInit: Build: ++UE4+Release-4.20-CL-4212847
LogInit: Engine Version: 4.20.0-4212847+++UE4+Release-4.20
LogInit: Compatible Engine Version: 4.20.0-4212847+++UE4+Release-4.20
LogInit: Net CL: 4212847
LogInit: OS: Windows 7 (Service Pack 1), CPU: Intel(R) Core(TM) i7-6700 CPU @ 3.40GHz, GPU: NVIDIA Quadro K2200
LogInit: Compiled (64-bit): Jul 14 2018 09:51:14
LogInit: Compiled with Visual C++: 19.13.26129.00
LogInit: Build Configuration: Development
LogInit: Branch Name: ++UE4+Release-4.20
LogInit: Command Line:  
LogInit: Base Directory: C:/Program Files/Epic Games/UE_4.20/Engine/Binaries/Win64/
LogInit: Installed Engine Build: 1
LogDevObjectVersion: Number of dev versions registered: 20
LogDevObjectVersion:   Dev-Blueprints (B0D832E4-1F89-4F0D-ACCF-7EB736FD4AA2): 10
LogDevObjectVersion:   Dev-Build (E1C64328-A22C-4D53-A36C-8E866417BD8C): 0
LogDevObjectVersion:   Dev-Core (375EC13C-06E4-48FB-B500-84F0262A717E): 2
LogDevObjectVersion:   Dev-Editor (E4B068ED-F494-42E9-A231-DA0B2E46BB41): 24
LogDevObjectVersion:   Dev-Framework (CFFC743F-43B0-4480-9391-14DF171D2073): 34
LogDevObjectVersion:   Dev-Mobile (B02B49B5-BB20-44E9-A304-32B752E40360): 2
LogDevObjectVersion:   Dev-Networking (A4E4105C-59A1-49B5-A7C5-40C4547EDFEE): 0
LogDevObjectVersion:   Dev-Online (39C831C9-5AE6-47DC-9A44-9C173E1C8E7C): 0
LogDevObjectVersion:   Dev-Physics (78F01B33-EBEA-4F98-B9B4-84EACCB95AA2): 0
LogDevObjectVersion:   Dev-Platform (6631380F-2D4D-43E0-8009-CF276956A95A): 0
LogDevObjectVersion:   Dev-Rendering (12F88B9F-8875-4AFC-A67C-D90C383ABD29): 26
LogDevObjectVersion:   Dev-Sequencer (7B5AE74C-D270-4C10-A958-57980B212A5A): 9
LogDevObjectVersion:   Dev-VR (D7296918-1DD6-4BDD-9DE2-64A83CC13884): 2
LogDevObjectVersion:   Dev-LoadTimes (C2A15278-BFE7-4AFE-6C17-90FF531DF755): 1
LogDevObjectVersion:   Private-Geometry (6EACA3D4-40EC-4CC1-B786-8BED09428FC5): 3
LogDevObjectVersion:   Dev-AnimPhys (29E575DD-E0A3-4627-9D10-D276232CDCEA): 17
LogDevObjectVersion:   Dev-ReflectionCapture (6B266CEC-1EC7-4B8F-A30B-E4D90942FC07): 1
LogDevObjectVersion:   Dev-Automation (0DF73D61-A23F-47EA-B727-89E90C41499A): 1
LogDevObjectVersion:   FortniteMain (601D1886-AC64-4F84-AA16-D3DE0DEAC7D6): 12
LogDevObjectVersion:   Dev-Enterprise (9DFFBCD6-494F-0158-E221-12823C92A888): 1
LogStreaming: Display: Took  0.000s to delete old logs.
LogInit: Presizing for max 8388607 objects, including 0 objects not considered by GC, pre-allocating 0 bytes for permanent pool.
LogInit: Object subsystem initialized
[2018.07.25-12.59.56:264][  0]LogInit: Selected Device Profile: [Windows]
[2018.07.25-12.59.56:265][  0]LogInit: Applying CVar settings loaded from the selected device profile: [Windows]
[2018.07.25-12.59.56:273][  0]LogHAL: Display: Platform has ~ 16 GB [17096613888 / 17179869184 / 16], which maps to Larger [LargestMinGB=32, LargerMinGB=12, DefaultMinGB=8, SmallerMinGB=6, SmallestMinGB=0)
[2018.07.25-12.59.56:273][  0]LogInit: Setting Device Profile CVar: [[r.Vulkan.UseRealUBs:1]]
[2018.07.25-12.59.56:273][  0]LogInit: Going up to parent DeviceProfile []
[2018.07.25-12.59.56:273][  0]LogInit: Computer: A334-14
[2018.07.25-12.59.56:273][  0]LogInit: User: A334
[2018.07.25-12.59.56:273][  0]LogInit: CPU Page size=4096, Cores=4
[2018.07.25-12.59.56:273][  0]LogInit: High frequency timer resolution =3.328369 MHz
[2018.07.25-12.59.56:274][  0]LogMemory: Memory total: Physical=15.9GB (16GB approx)
[2018.07.25-12.59.56:274][  0]LogMemory: Platform Memory Stats for Windows
[2018.07.25-12.59.56:274][  0]LogMemory: Process Physical Memory: 101.52 MB used, 101.52 MB peak
[2018.07.25-12.59.56:274][  0]LogMemory: Process Virtual Memory: 94.17 MB used, 94.17 MB peak
[2018.07.25-12.59.56:274][  0]LogMemory: Physical Memory: 2318.18 MB used,  13986.42 MB free, 16304.60 MB total
[2018.07.25-12.59.56:274][  0]LogMemory: Virtual Memory: 493.73 MB used,  13986.42 MB free, 8388608.00 MB total
[2018.07.25-12.59.56:291][  0]LogInit: Using OS detected language (de-DE).
[2018.07.25-12.59.56:291][  0]LogInit: Using OS detected locale (de-DE).
[2018.07.25-12.59.56:291][  0]LogTextLocalizationManager: No specific localization for 'de-DE' exists, so the 'de' localization will be used.
[2018.07.25-12.59.56:292][  0]LogStreaming: Display: Took  0.001s to InitEngineTextLocalization.
[2018.07.25-12.59.56:292][  0]LogWindows: Failed to load 'shcore.dll' (GetLastError=126)
[2018.07.25-12.59.56:292][  0]LogWindows: File 'shcore.dll' does not exist
[2018.07.25-12.59.56:292][  0]LogInit: Setting process to DPI aware
[2018.07.25-12.59.56:311][  0]LogSlate: New Slate User Created.  User Index 0, Is Virtual User: 0
[2018.07.25-12.59.56:311][  0]LogSlate: Slate User Registered.  User Index 0, Is Virtual User: 0
[2018.07.25-12.59.56:441][  0]LogHMD: Failed to initialize OpenVR with code 110
[2018.07.25-12.59.56:441][  0]LogD3D11RHI: D3D11 adapters:
[2018.07.25-12.59.56:454][  0]LogD3D11RHI:    0. 'NVIDIA Quadro K2200' (Feature Level 11_0)
[2018.07.25-12.59.56:454][  0]LogD3D11RHI:       4034/0/7896 MB DedicatedVideo/DedicatedSystem/SharedSystem, Outputs:1, VendorId:0x10de
[2018.07.25-12.59.56:454][  0]LogD3D11RHI: Chosen D3D11 Adapter: 0
[2018.07.25-12.59.56:458][  0]LogD3D11RHI: Creating new Direct3DDevice
[2018.07.25-12.59.56:458][  0]LogD3D11RHI:     GPU DeviceId: 0x13ba (for the marketing name, search the web for "GPU Device Id")
[2018.07.25-12.59.56:458][  0]LogWindows: EnumDisplayDevices:
[2018.07.25-12.59.56:458][  0]LogWindows:    0. 'NVIDIA Quadro K2200' (P:1 D:1)
[2018.07.25-12.59.56:459][  0]LogWindows:    1. 'NVIDIA Quadro K2200' (P:0 D:0)
[2018.07.25-12.59.56:459][  0]LogWindows:    2. 'NVIDIA Quadro K2200' (P:0 D:0)
[2018.07.25-12.59.56:459][  0]LogWindows:    3. 'NVIDIA Quadro K2200' (P:0 D:0)
[2018.07.25-12.59.56:459][  0]LogWindows:    4. 'RDPDD Chained DD' (P:0 D:0)
[2018.07.25-12.59.56:459][  0]LogWindows:    5. 'RDP Encoder Mirror Driver' (P:0 D:0)
[2018.07.25-12.59.56:459][  0]LogWindows:    6. 'RDP Reflector Display Driver' (P:0 D:0)
[2018.07.25-12.59.56:459][  0]LogWindows: DebugString: GetVideoDriverDetailsInvalid PrimaryIsNotTheChoosenAdapter GetVideoDriverDetailsInvalid PrimaryIsNotTheChoosenAdapter GetVideoDriverDetailsInvalid PrimaryIsNotTheChoosenAdapter FoundDriverCount:4 
[2018.07.25-12.59.56:459][  0]LogD3D11RHI:     Adapter Name: NVIDIA Quadro K2200
[2018.07.25-12.59.56:459][  0]LogD3D11RHI:   Driver Version: 368.81 (internal:10.18.13.6881, unified:368.81)
[2018.07.25-12.59.56:459][  0]LogD3D11RHI:      Driver Date: 7-10-2016
[2018.07.25-12.59.56:459][  0]LogRHI: Texture pool is 2824 MB (70% of 4034 MB)
[2018.07.25-12.59.56:468][  0]LogD3D11RHI: Async texture creation enabled
[2018.07.25-12.59.56:483][  0]LogD3D11RHI: GPU Timing Frequency: 1000.000000 (Debug: 2 2)
[2018.07.25-12.59.56:524][  0]LogShaderCompilers: Guid format shader working directory is -23 characters bigger than the processId version (../../../../../../Users/A334/Documents/Unreal Projects/fps_ca-4.20-2/Intermediate/Shaders/WorkingDirectory/2252/).
[2018.07.25-12.59.56:524][  0]LogShaderCompilers: Cleaned the shader compiler working directory 'C:/Users/A334/AppData/Local/Temp/UnrealShaderWorkingDir/F23FCF6C4FF8D3AFF0B420BD91CB6B48/'.
[2018.07.25-12.59.56:709][  0]LogTemp: Display: Loaded TP AllDesktopTargetPlatform
[2018.07.25-12.59.56:721][  0]LogTemp: Display: Loaded TP MacClientTargetPlatform
[2018.07.25-12.59.56:733][  0]LogTemp: Display: Loaded TP MacNoEditorTargetPlatform
[2018.07.25-12.59.56:744][  0]LogTemp: Display: Loaded TP MacServerTargetPlatform
[2018.07.25-12.59.56:756][  0]LogTemp: Display: Loaded TP MacTargetPlatform
[2018.07.25-12.59.56:768][  0]LogTemp: Display: Loaded TP WindowsClientTargetPlatform
[2018.07.25-12.59.56:780][  0]LogTemp: Display: Loaded TP WindowsNoEditorTargetPlatform
[2018.07.25-12.59.56:792][  0]LogTemp: Display: Loaded TP WindowsServerTargetPlatform
[2018.07.25-12.59.56:797][  0]LogTemp: Display: Loaded TP WindowsTargetPlatform
[2018.07.25-12.59.56:872][  0]LogTemp: Display: Loaded TP AndroidTargetPlatform
[2018.07.25-12.59.56:872][  0]LogTemp: Display: Loaded TP AndroidTargetPlatform
[2018.07.25-12.59.56:872][  0]LogTemp: Display: Loaded TP AndroidTargetPlatform
[2018.07.25-12.59.56:872][  0]LogTemp: Display: Loaded TP AndroidTargetPlatform
[2018.07.25-12.59.56:872][  0]LogTemp: Display: Loaded TP AndroidTargetPlatform
[2018.07.25-12.59.56:872][  0]LogTemp: Display: Loaded TP AndroidTargetPlatform
[2018.07.25-12.59.56:872][  0]LogTemp: Display: Loaded TP AndroidTargetPlatform
[2018.07.25-12.59.56:872][  0]LogTemp: Display: Loaded TP AndroidTargetPlatform
[2018.07.25-12.59.56:872][  0]LogTemp: Display: Loaded TP AndroidTargetPlatform
[2018.07.25-12.59.56:872][  0]LogTemp: Display: Loaded TP AndroidTargetPlatform
[2018.07.25-12.59.56:872][  0]LogTemp: Display: Loaded TP AndroidTargetPlatform
[2018.07.25-12.59.56:872][  0]LogTemp: Display: Loaded TP AndroidTargetPlatform
[2018.07.25-12.59.56:872][  0]LogTemp: Display: Loaded TP AndroidTargetPlatform
[2018.07.25-12.59.56:872][  0]LogTemp: Display: Loaded TP AndroidTargetPlatform
[2018.07.25-12.59.56:872][  0]LogTemp: Display: Loaded TP AndroidTargetPlatform
[2018.07.25-12.59.56:872][  0]LogTemp: Display: Loaded TP AndroidTargetPlatform
[2018.07.25-12.59.56:872][  0]LogTemp: Display: Loaded TP AndroidTargetPlatform
[2018.07.25-12.59.56:872][  0]LogTemp: Display: Loaded TP AndroidTargetPlatform
[2018.07.25-12.59.56:873][  0]LogTemp: Display: Loaded TP HTML5TargetPlatform
[2018.07.25-12.59.56:926][  0]LogTemp: Display: Loaded TP IOSTargetPlatform
[2018.07.25-12.59.56:926][  0]LogTemp: Display: Loaded TP IOSTargetPlatform
[2018.07.25-12.59.56:947][  0]LogTemp: Display: Loaded TP TVOSTargetPlatform
[2018.07.25-12.59.56:947][  0]LogTemp: Display: Loaded TP TVOSTargetPlatform
[2018.07.25-12.59.56:957][  0]LogTemp: Display: Loaded TP LinuxClientTargetPlatform
[2018.07.25-12.59.56:969][  0]LogTemp: Display: Loaded TP LinuxNoEditorTargetPlatform
[2018.07.25-12.59.56:980][  0]LogTemp: Display: Loaded TP LinuxServerTargetPlatform
[2018.07.25-12.59.56:992][  0]LogTemp: Display: Loaded TP LinuxTargetPlatform
[2018.07.25-12.59.57:000][  0]LogTemp: Display: Loaded TP LuminTargetPlatform
[2018.07.25-12.59.57:000][  0]LogTargetPlatformManager: Display: Building Assets For Windows
[2018.07.25-12.59.57:040][  0]LogXGEController: Cleaning working directory: C:/Users/A334/AppData/Local/Temp/UnrealXGEWorkingDir/
[2018.07.25-12.59.57:040][  0]LogXGEController: Cannot use XGE Controller as Incredibuild is not installed on this machine.
[2018.07.25-12.59.57:040][  0]LogShaderCompilers: Cannot use XGE Shader Compiler as Incredibuild is not installed on this machine.
[2018.07.25-12.59.57:040][  0]LogShaderCompilers: Display: Using Local Shader Compiler.
[2018.07.25-12.59.57:711][  0]LogDerivedDataCache: Display: Max Cache Size: 512 MB
[2018.07.25-12.59.57:789][  0]LogDerivedDataCache: Loaded boot cache 0.08s 71MB C:/Users/A334/AppData/Local/UnrealEngine/4.20/DerivedDataCache/Boot.ddc.
[2018.07.25-12.59.57:790][  0]LogDerivedDataCache: Display: Loaded Boot cache: C:/Users/A334/AppData/Local/UnrealEngine/4.20/DerivedDataCache/Boot.ddc
[2018.07.25-12.59.57:790][  0]LogDerivedDataCache: FDerivedDataBackendGraph:  Pak pak cache file ../../../../../../Users/A334/Documents/Unreal Projects/fps_ca-4.20-2/DerivedDataCache/DDC.ddp not found, will not use a pak cache.
[2018.07.25-12.59.57:790][  0]LogDerivedDataCache: Unable to find inner node Pak for hierarchical cache Hierarchy.
[2018.07.25-12.59.57:790][  0]LogDerivedDataCache: FDerivedDataBackendGraph:  CompressedPak pak cache file ../../../../../../Users/A334/Documents/Unreal Projects/fps_ca-4.20-2/DerivedDataCache/Compressed.ddp not found, will not use a pak cache.
[2018.07.25-12.59.57:790][  0]LogDerivedDataCache: Unable to find inner node CompressedPak for hierarchical cache Hierarchy.
[2018.07.25-12.59.57:804][  0]LogDerivedDataCache: Display: Pak cache opened for reading ../../../Engine/DerivedDataCache/Compressed.ddp.
[2018.07.25-12.59.57:815][  0]LogDerivedDataCache: Using Local data cache path C:/Users/A334/AppData/Local/UnrealEngine/Common/DerivedDataCache: Writable
[2018.07.25-12.59.57:815][  0]LogDerivedDataCache: Shared data cache path not found in *engine.ini, will not use an Shared cache.
[2018.07.25-12.59.57:815][  0]LogDerivedDataCache: Unable to find inner node Shared for hierarchical cache Hierarchy.
[2018.07.25-12.59.57:836][  0]LogMaterial: Verifying Global Shaders for PCD3D_SM5
[2018.07.25-12.59.57:837][  0]LogSlate: Using FreeType 2.6.0
[2018.07.25-12.59.57:837][  0]LogSlate: SlateFontServices - WITH_FREETYPE: 1, WITH_HARFBUZZ: 1
[2018.07.25-12.59.57:903][  0]LogAssetRegistry: FAssetRegistry took 0.0243 seconds to start up
[2018.07.25-12.59.58:181][  0]LogInit: Selected Device Profile: [Windows]
[2018.07.25-12.59.58:299][  0]LogSimplygon: Simplygon DLL not present - disabling.
[2018.07.25-12.59.58:301][  0]LogMeshReduction: Using SimplygonSwarm for distributed automatic mesh merging
[2018.07.25-12.59.58:301][  0]LogMeshReduction: Using ProxyLODMeshReduction for automatic mesh merging
[2018.07.25-12.59.58:301][  0]LogMeshReduction: Using QuadricMeshReduction for automatic static mesh reduction
[2018.07.25-12.59.58:301][  0]LogMeshReduction: No automatic skeletal mesh reduction module available
[2018.07.25-12.59.58:315][  0]LogNetVersion: fps_ca 1.0.0, NetCL: 4212847, EngineNetVer: 5, GameNetVer: 0 (Checksum: 4085637385)
[2018.07.25-12.59.58:791][  0]LogPackageLocalizationCache: Processed 11 localized package path(s) for 2 prioritized culture(s) in 0.060987 seconds
[2018.07.25-12.59.58:796][  0]LogUObjectArray: 38425 objects as part of root set at end of initial load.
[2018.07.25-12.59.58:796][  0]LogUObjectAllocator: 6690864 out of 0 bytes used by permanent object pool.
[2018.07.25-12.59.58:796][  0]LogUObjectArray: CloseDisregardForGC: 0/0 objects in disregard for GC pool
[2018.07.25-12.59.59:497][  0]LogTcpMessaging: Initializing TcpMessaging bridge
[2018.07.25-12.59.59:509][  0]LogUdpMessaging: Initializing bridge on interface 0.0.0.0:0 to multicast group 230.0.0.1:6666.
[2018.07.25-12.59.59:635][  0]SourceControl: Source control is disabled
[2018.07.25-12.59.59:635][  0]SourceControl: Source control is disabled
[2018.07.25-12.59.59:636][  0]SourceControl: Source control is disabled
[2018.07.25-12.59.59:636][  0]SourceControl: Source control is disabled
[2018.07.25-12.59.59:770][  0]LogAndroidPermission: UAndroidPermissionCallbackProxy::GetInstance
[2018.07.25-12.59.59:802][  0]LogOcInput: OculusInput pre-init called
[2018.07.25-12.59.59:854][  0]LogEngine: Initializing Engine...
[2018.07.25-12.59.59:855][  0]LogHMD: Failed to initialize OpenVR with code 110
[2018.07.25-12.59.59:856][  0]LogStats: UGameplayTagsManager::ConstructGameplayTagTree: ImportINI prefixes -  0.000 s
[2018.07.25-12.59.59:856][  0]LogStats: UGameplayTagsManager::ConstructGameplayTagTree: Construct from data asset -  0.000 s
[2018.07.25-12.59.59:856][  0]LogStats: UGameplayTagsManager::ConstructGameplayTagTree: ImportINI -  0.000 s
[2018.07.25-12.59.59:856][  0]LogStats: UGameplayTagsManager::ConstructGameplayTagTree: GameplayTagTreeChangedEvent.Broadcast -  0.000 s
[2018.07.25-13.00.00:076][  0]LogInit: Initializing FReadOnlyCVARCache
[2018.07.25-13.00.00:086][  0]LogAIModule: Creating AISystem for world Untitled
[2018.07.25-13.00.00:105][  0]LogInit: XAudio2 using 'Speakers (Realtek High Definition Audio)' : 2 channels at 48 kHz using 32 bits per sample (channel mask 0x3)
[2018.07.25-13.00.00:128][  0]LogInit: FAudioDevice initialized.
[2018.07.25-13.00.00:129][  0]LogNetVersion: Set ProjectVersion to 1.0.0.0. Version Checksum will be recalculated on next use.
[2018.07.25-13.00.00:170][  0]LogDerivedDataCache: Saved boot cache 0.04s 71MB C:/Users/A334/AppData/Local/UnrealEngine/4.20/DerivedDataCache/Boot.ddc.
[2018.07.25-13.00.00:177][  0]LogInit: Texture streaming: Enabled
[2018.07.25-13.00.00:189][  0]LogEngineSessionManager: EngineSessionManager initialized
[2018.07.25-13.00.00:195][  0]LogInit: Transaction tracking system initialized
[2018.07.25-13.00.00:210][  0]BlueprintLog: New page: Editor Load
[2018.07.25-13.00.00:261][  0]LocalizationService: Localization service is disabled
[2018.07.25-13.00.00:490][  0]LogCook: Display: Max memory allowance for cook 16384mb min free memory 0mb
[2018.07.25-13.00.00:490][  0]LogCook: Display: Mobile HDR setting 1
[2018.07.25-13.00.00:490][  0]LogGameplayTags: Display: UGameplayTagsManager::DoneAddingNativeTags. DelegateIsBound: 0
[2018.07.25-13.00.00:490][  0]LogStats: UGameplayTagsManager::ConstructGameplayTagTree: ImportINI prefixes -  0.000 s
[2018.07.25-13.00.00:490][  0]LogStats: UGameplayTagsManager::ConstructGameplayTagTree: Construct from data asset -  0.000 s
[2018.07.25-13.00.00:490][  0]LogStats: UGameplayTagsManager::ConstructGameplayTagTree: ImportINI -  0.000 s
[2018.07.25-13.00.00:490][  0]LogStats: UGameplayTagsManager::ConstructGameplayTagTree: GameplayTagTreeChangedEvent.Broadcast -  0.000 s
[2018.07.25-13.00.00:574][  0]LogFileCache: Scanning file cache for directory 'C:/Users/A334/Documents/Unreal Projects/fps_ca-4.20-2/Content/' took 0.01s
[2018.07.25-13.00.00:574][  0]SourceControl: Source control is disabled
[2018.07.25-13.00.00:574][  0]Cmd: MAP LOAD FILE="../../../../../../Users/A334/Documents/Unreal Projects/fps_ca-4.20-2/Content/FirstPersonBP/Maps/FirstPersonExampleMap.umap" TEMPLATE=0 SHOWPROGRESS=1 FEATURELEVEL=3
[2018.07.25-13.00.00:575][  0]LightingResults: New page: Lighting Build
[2018.07.25-13.00.00:577][  0]MapCheck: New page: Map Check
[2018.07.25-13.00.00:577][  0]LightingResults: New page: Lighting Build
[2018.07.25-13.00.01:426][  0]LogAIModule: Creating AISystem for world FirstPersonExampleMap
[2018.07.25-13.00.01:451][  0]LogEditorServer: Finished looking for orphan Actors (0.000 secs)
[2018.07.25-13.00.01:476][  0]Cmd: MAP CHECKDEP NOCLEARLOG
[2018.07.25-13.00.01:524][  0]MapCheck: Map check complete: 0 Error(s), 0 Warning(s), took 48,091ms to complete.
[2018.07.25-13.00.01:524][  0]LogFileHelpers: Loading map 'FirstPersonExampleMap' took 0.950
[2018.07.25-13.00.01:600][  0]LogSlate: Updating window title bar state: overlay mode, drag disabled, window buttons hidden, title bar hidden
[2018.07.25-13.00.01:607][  0]LogSlate: Updating window title bar state: overlay mode, drag disabled, window buttons hidden, title bar hidden
[2018.07.25-13.00.01:615][  0]LogSlate: Updating window title bar state: overlay mode, drag disabled, window buttons hidden, title bar hidden
[2018.07.25-13.00.01:623][  0]LogSlate: Updating window title bar state: overlay mode, drag disabled, window buttons hidden, title bar hidden
[2018.07.25-13.00.01:639][  0]LogSlate: Took 0.000106 seconds to synchronously load lazily loaded font '../../../Engine/Content/Slate/Fonts/Roboto-Regular.ttf' (155K)
[2018.07.25-13.00.01:641][  0]LogSlate: Took 0.000158 seconds to synchronously load lazily loaded font '../../../Engine/Content/Slate/Fonts/Roboto-Bold.ttf' (160K)
[2018.07.25-13.00.01:718][  0]LogRenderer: Reallocating scene render targets to support 1616x1284 Format 9 NumSamples 1 (Frame:1).
[2018.07.25-13.00.01:887][  0]LogLoad: (Engine Initialization) Total time: 6.82 seconds
[2018.07.25-13.00.01:887][  0]LogLoad: (Engine Initialization) Total Blueprint compile time: 0.00 seconds
[2018.07.25-13.00.01:926][  0]LogContentStreaming: Texture pool size now 3000 MB
[2018.07.25-13.00.02:041][  1]LogAssetRegistry: Asset discovery search completed in 4.1585 seconds
[2018.07.25-13.00.02:045][  1]LogCollectionManager: Loaded 0 collections in 0.001153 seconds
[2018.07.25-13.00.02:077][  1]LogFileCache: Scanning file cache for directory 'C:/Users/A334/Documents/Unreal Projects/fps_ca-4.20-2/Saved/Collections/' took 0.01s
[2018.07.25-13.00.02:077][  1]LogFileCache: Scanning file cache for directory 'C:/Users/A334/Documents/Unreal Projects/fps_ca-4.20-2/Content/Developers/A334/Collections/' took 0.01s
[2018.07.25-13.00.02:077][  1]LogFileCache: Scanning file cache for directory 'C:/Users/A334/Documents/Unreal Projects/fps_ca-4.20-2/Content/Collections/' took 0.01s
[2018.07.25-13.00.02:077][  1]LogCollectionManager: Rebuilt the object cache for 0 collections in 0.000000 seconds (found 0 objects)
[2018.07.25-13.00.02:077][  1]LogCollectionManager: Fixed up redirectors for 0 collections in 0.000198 seconds (updated 0 objects)
[2018.07.25-13.00.03:945][ 72]LogSlate: FSceneViewport::OnFocusLost() reason 0
[2018.07.25-13.05.09:533][932]LogSlate: FSceneViewport::OnFocusLost() reason 0
[2018.07.25-13.06.21:063][450]LogSlate: FSceneViewport::OnFocusLost() reason 0
[2018.07.25-13.06.21:179][461]LogTemp: Repeating last play command: Selected Viewport
[2018.07.25-13.06.21:189][461]LogBlueprintUserMessages: Early PlayInEditor Detection: Level '/Game/FirstPersonBP/Maps/FirstPersonExampleMap.FirstPersonExampleMap:PersistentLevel' has LevelScriptBlueprint '/Game/FirstPersonBP/Maps/FirstPersonExampleMap.FirstPersonExampleMap:PersistentLevel.FirstPersonExampleMap' with GeneratedClass '/Game/FirstPersonBP/Maps/FirstPersonExampleMap.FirstPersonExampleMap_C' with ClassGeneratedBy '/Game/FirstPersonBP/Maps/FirstPersonExampleMap.FirstPersonExampleMap:PersistentLevel.FirstPersonExampleMap'
[2018.07.25-13.06.21:189][461]LogPlayLevel: PlayLevel: No blueprints needed recompiling
[2018.07.25-13.06.21:200][461]PIE: New page: PIE session: FirstPersonExampleMap (25.07.2018 05:06:21)
[2018.07.25-13.06.21:200][461]LogPlayLevel: Creating play world package: /Game/FirstPersonBP/Maps/UEDPIE_0_FirstPersonExampleMap
[2018.07.25-13.06.21:247][461]LogPlayLevel: PIE: StaticDuplicateObject took: (0.046822s)
[2018.07.25-13.06.21:248][461]LogAIModule: Creating AISystem for world FirstPersonExampleMap
[2018.07.25-13.06.21:248][461]LogPlayLevel: PIE: World Init took: (0.000896s)
[2018.07.25-13.06.21:248][461]LogPlayLevel: PIE: Created PIE world by copying editor world from /Game/FirstPersonBP/Maps/FirstPersonExampleMap.FirstPersonExampleMap to /Game/FirstPersonBP/Maps/UEDPIE_0_FirstPersonExampleMap.FirstPersonExampleMap (0.048098s)
[2018.07.25-13.06.21:270][461]LogInit: XAudio2 using 'Speakers (Realtek High Definition Audio)' : 2 channels at 48 kHz using 32 bits per sample (channel mask 0x3)
[2018.07.25-13.06.21:278][461]LogInit: FAudioDevice initialized.
[2018.07.25-13.06.21:318][461]LogLoad: Game class is 'FirstPersonGameMode_C'
[2018.07.25-13.06.21:323][461]LogWorld: Bringing World /Game/FirstPersonBP/Maps/UEDPIE_0_FirstPersonExampleMap.FirstPersonExampleMap up for play (max tick rate 0) at 2018.07.25-09.06.21
[2018.07.25-13.06.21:323][461]LogWorld: Bringing up level for play took: 0.004379
[2018.07.25-13.06.21:338][461]LogScript: Warning: Accessed None trying to read property CallFunc_GetAttachParentActor_ReturnValue
	BP_Animation_C /Game/FirstPersonBP/Maps/UEDPIE_0_FirstPersonExampleMap.FirstPersonExampleMap:PersistentLevel.door_Porte_PhysicsAsset_Blueprint.BP_Animation
	Function /DatasmithContent/Blueprints/FBXImporter/BP_Animation.BP_Animation_C:ExecuteUbergraph_BP_Animation:0098
[2018.07.25-13.06.21:338][461]PIE: Error: Blueprint Runtime Error: "Accessed None trying to read property CallFunc_GetAttachParentActor_ReturnValue". Blueprint:  BP_Animation Function:  Execute Ubergraph BP Animation Graph:  EventGraph Node:  Set InitialLocalTransform
[2018.07.25-13.06.21:338][461]PIE: Play in editor start time for /Game/FirstPersonBP/Maps/UEDPIE_0_FirstPersonExampleMap 0,062
[2018.07.25-13.06.21:338][461]LogBlueprintUserMessages: Late PlayInEditor Detection: Level '/Game/FirstPersonBP/Maps/FirstPersonExampleMap.FirstPersonExampleMap:PersistentLevel' has LevelScriptBlueprint '/Game/FirstPersonBP/Maps/FirstPersonExampleMap.FirstPersonExampleMap:PersistentLevel.FirstPersonExampleMap' with GeneratedClass '/Game/FirstPersonBP/Maps/FirstPersonExampleMap.FirstPersonExampleMap_C' with ClassGeneratedBy '/Game/FirstPersonBP/Maps/FirstPersonExampleMap.FirstPersonExampleMap:PersistentLevel.FirstPersonExampleMap'
[2018.07.25-13.06.38:565][432]LogBlueprintUserMessages: Early EndPlayMap Detection: Level '/Game/FirstPersonBP/Maps/FirstPersonExampleMap.FirstPersonExampleMap:PersistentLevel' has LevelScriptBlueprint '/Game/FirstPersonBP/Maps/FirstPersonExampleMap.FirstPersonExampleMap:PersistentLevel.FirstPersonExampleMap' with GeneratedClass '/Game/FirstPersonBP/Maps/FirstPersonExampleMap.FirstPersonExampleMap_C' with ClassGeneratedBy '/Game/FirstPersonBP/Maps/FirstPersonExampleMap.FirstPersonExampleMap:PersistentLevel.FirstPersonExampleMap'
[2018.07.25-13.06.38:565][432]LogSlate: Updating window title bar state: overlay mode, drag disabled, window buttons hidden, title bar hidden
[2018.07.25-13.06.38:613][432]LogPlayLevel: Display: Shutting down PIE online subsystems
[2018.07.25-13.06.38:613][432]LogBlueprintUserMessages: Late EndPlayMap Detection: Level '/Game/FirstPersonBP/Maps/FirstPersonExampleMap.FirstPersonExampleMap:PersistentLevel' has LevelScriptBlueprint '/Game/FirstPersonBP/Maps/FirstPersonExampleMap.FirstPersonExampleMap:PersistentLevel.FirstPersonExampleMap' with GeneratedClass '/Game/FirstPersonBP/Maps/FirstPersonExampleMap.FirstPersonExampleMap_C' with ClassGeneratedBy '/Game/FirstPersonBP/Maps/FirstPersonExampleMap.FirstPersonExampleMap:PersistentLevel.FirstPersonExampleMap'
[2018.07.25-13.06.38:635][432]LogSlate: Updating window title bar state: overlay mode, drag disabled, window buttons hidden, title bar hidden
[2018.07.25-13.06.38:680][433]LogPlayLevel: Display: Destroying online subsystem :Context_1
[2018.07.25-13.06.47:801][846]LogSlate: FSceneViewport::OnFocusLost() reason 2
[2018.07.25-13.07.03:280][504]LogSlate: FSceneViewport::OnFocusLost() reason 0
[2018.07.25-13.07.03:405][510]MapCheck: New page: Map Check
[2018.07.25-13.07.03:447][510]Cmd: MAP REBUILD ALLVISIBLE
[2018.07.25-13.07.03:447][510]LogEditorServer: Rebuildmap Clear paths rebuilt
[2018.07.25-13.07.03:780][510]LogMaterial: Display: Missing cached shader map for material FDebugViewModeMaterialProxy MaterialInstanceDynamic_0, compiling. 
[2018.07.25-13.07.03:788][510]LogMaterial: Display: Missing cached shader map for material FDebugViewModeMaterialProxy M_Brick_Clay_Old, compiling. 
[2018.07.25-13.07.03:796][510]LogShaderCompilers: Display: Shaders left to compile 2
[2018.07.25-13.07.03:796][510]LogShaderCompilers: Display: Shaders left to compile 1
[2018.07.25-13.07.03:796][510]LogMaterial: Display: Missing cached shader map for material FDebugViewModeMaterialProxy WorldGridMaterial, compiling. Is special engine material.
[2018.07.25-13.07.03:804][510]LogShaderCompilers: Display: Shaders left to compile 1
[2018.07.25-13.07.03:804][510]LogMaterial: Display: Missing cached shader map for material FDebugViewModeMaterialProxy M_Metal_Steel, compiling. 
[2018.07.25-13.07.03:811][510]LogShaderCompilers: Display: Shaders left to compile 1
[2018.07.25-13.07.03:811][510]LogMaterial: Display: Missing cached shader map for material FDebugViewModeMaterialProxy M_Concrete_Panels, compiling. 
[2018.07.25-13.07.03:820][510]LogMaterial: Display: Missing cached shader map for material FDebugViewModeMaterialProxy T_Metal_Steel_Mat, compiling. 
[2018.07.25-13.07.03:826][510]LogMaterial: Display: Missing cached shader map for material FDebugViewModeMaterialProxy M_Concrete_Poured, compiling. 
[2018.07.25-13.07.03:832][510]LogMaterial: Display: Missing cached shader map for material FDebugViewModeMaterialProxy T_Brick_Clay_Old_Mat, compiling. 
[2018.07.25-13.07.03:841][510]LogMaterial: Display: Missing cached shader map for material FDebugViewModeMaterialProxy M_Ground_Grass, compiling. 
[2018.07.25-13.07.03:848][510]LogMaterial: Display: Missing cached shader map for material FDebugViewModeMaterialProxy MatineeCam_mat, compiling. 
[2018.07.25-13.07.03:855][510]LogMaterial: Display: Missing cached shader map for material FDebugViewModeMaterialProxy M_FPGun, compiling. 
[2018.07.25-13.07.03:864][510]LogMaterial: Display: Missing cached shader map for material FDebugViewModeMaterialProxy M_UE4Man_Body, compiling. 
[2018.07.25-13.07.04:758][510]LogShaderCompilers: Display: Shaders left to compile 8
[2018.07.25-13.07.04:758][510]LogShaderCompilers: Display: Shaders left to compile 7
[2018.07.25-13.07.04:758][510]LogShaderCompilers: Display: Shaders left to compile 6
[2018.07.25-13.07.04:758][510]LogShaderCompilers: Display: Shaders left to compile 5
[2018.07.25-13.07.04:758][510]LogShaderCompilers: Display: Shaders left to compile 4
[2018.07.25-13.07.04:758][510]LogShaderCompilers: Display: Shaders left to compile 3
[2018.07.25-13.07.04:758][510]LogShaderCompilers: Display: Shaders left to compile 2
[2018.07.25-13.07.04:758][510]LogShaderCompilers: Display: Shaders left to compile 1
[2018.07.25-13.07.04:758][510]TextureStreamingBuild: Display: Compiling optional shaders took 0.982 seconds.
[2018.07.25-13.07.04:773][510]LogLevel: Display: Export Material TexCoord Scales took 0.015 seconds.
[2018.07.25-13.07.04:804][510]TextureStreamingBuild: Display: Build Texture Streaming took 0.030 seconds.
[2018.07.25-13.07.04:823][510]LightingResults: New page: Lighting Build - 25.07.2018 05:07:04
[2018.07.25-13.07.04:855][510]LogSwarmInterface: [OpenConnection] Registering TCP channel ...
[2018.07.25-13.07.04:870][510]LogSwarmInterface: [OpenConnection] Connecting to agent ...
[2018.07.25-13.07.04:879][510]LogSwarmInterface: [TryOpenConnection] Testing the Agent
[2018.07.25-13.07.05:388][510]LogSwarmInterface: [TryOpenConnection] Opening Connection to Agent
[2018.07.25-13.07.05:388][510]LogSwarmInterface: [TryOpenConnection] Local Process ID is 2252
[2018.07.25-13.07.09:038][510]LogStaticLightingSystem: Warning: No importance volume found, so the scene bounding box was used.  You can optimize your scene's quality and lighting build times by adding importance volumes.
[2018.07.25-13.07.09:039][510]LogStaticLightingSystem: Running Lightmass w/ ImmediateImport mode ENABLED
[2018.07.25-13.07.09:039][510]LogStaticLightingSystem: Running Lightmass w/ ImmediateProcess mode ENABLED
[2018.07.25-13.07.09:039][510]LogStaticLightingSystem: Running Lightmass w/ Sorting mode ENABLED
[2018.07.25-13.07.09:039][510]LogStaticLightingSystem: Running Lightmass w/ Mapping paddings ENABLED
[2018.07.25-13.07.09:039][510]LogStaticLightingSystem: Running Lightmass w/ Mapping debug paddings DISABLED
[2018.07.25-13.07.09:225][510]Cmd: MAP CHECK DONTDISPLAYDIALOG
[2018.07.25-13.07.09:225][510]MapCheck: New page: FirstPersonExampleMap - 25.07.2018 05:07:09
[2018.07.25-13.07.09:271][510]MapCheck: Map check complete: 0 Error(s), 0 Warning(s), took 45,575ms to complete.
[2018.07.25-13.07.09:292][510]LogEditorBuildUtils: Build time 0:05
[2018.07.25-13.07.09:357][511]LogMaterial: Display: Missing cached shader map for material FLightmassMaterialRenderer M_Metal_Steel, compiling. 
[2018.07.25-13.07.09:367][511]LogShaderCompilers: Display: Shaders left to compile 2
[2018.07.25-13.07.09:367][511]LogMaterial: Display: Missing cached shader map for material FLightmassMaterialRenderer M_Metal_Steel, compiling. 
[2018.07.25-13.07.09:372][511]LogShaderCompilers: Display: Shaders left to compile 2
[2018.07.25-13.07.11:922][597]LightingResults: Warning: Cylinder004 Object has wrapping UVs.
[2018.07.25-13.07.11:994][600]LightingResults: Warning: Cylinder003 Object has wrapping UVs.
[2018.07.25-13.07.12:094][605]LightingResults: Warning: Cylinder001 Object has wrapping UVs.
[2018.07.25-13.07.12:178][609]LightingResults: Warning: Cylinder003 Object has wrapping UVs.
[2018.07.25-13.07.12:344][617]LightingResults: Warning: Cylinder001 Object has wrapping UVs.
[2018.07.25-13.07.12:365][618]LightingResults: Warning: Cylinder001 Object has wrapping UVs.
[2018.07.25-13.07.12:640][631]LightingResults: Warning: Cylinder002 Object has wrapping UVs.
[2018.07.25-13.07.12:891][643]LightingResults: Warning: Cylinder005 Object has wrapping UVs.
[2018.07.25-13.07.13:039][650]LightingResults: Warning: Cylinder003 Object has wrapping UVs.
[2018.07.25-13.07.13:552][674]LightingResults: Warning: Cylinder004 Object has wrapping UVs.
[2018.07.25-13.07.13:622][677]LightingResults: Warning: Cylinder005 Object has wrapping UVs.
[2018.07.25-13.07.13:786][685]LightingResults: Warning: Cylinder004 Object has wrapping UVs.
[2018.07.25-13.07.13:830][687]LightingResults: Warning: Cylinder002 Object has wrapping UVs.
[2018.07.25-13.07.14:061][698]LightingResults: Warning: Cylinder001 Object has wrapping UVs.
[2018.07.25-13.07.14:211][705]LightingResults: Warning: Cylinder005 Object has wrapping UVs.
[2018.07.25-13.07.14:499][719]LightingResults: Warning: Cylinder004 Object has wrapping UVs.
[2018.07.25-13.07.14:706][729]LightingResults: Warning: Cylinder001 Object has wrapping UVs.
[2018.07.25-13.07.14:816][734]LightingResults: Warning: Cylinder005 Object has wrapping UVs.
[2018.07.25-13.07.15:021][744]LightingResults: Warning: Cylinder002 Object has wrapping UVs.
[2018.07.25-13.07.15:281][756]LightingResults: Warning: Cylinder002 Object has wrapping UVs.
[2018.07.25-13.07.15:423][763]LightingResults: Warning: Cylinder003 Object has wrapping UVs.
[2018.07.25-13.07.15:616][772]LightingResults: Warning: Cylinder005 Object has wrapping UVs.
[2018.07.25-13.07.15:771][779]LightingResults: Warning: Cylinder004 Object has wrapping UVs.
[2018.07.25-13.07.15:791][780]LightingResults: Warning: Cylinder001 Object has wrapping UVs.
[2018.07.25-13.07.15:934][787]LightingResults: Warning: Cylinder002 Object has wrapping UVs.
[2018.07.25-13.07.15:934][787]LightingResults: Warning: Cylinder005 Object has wrapping UVs.
[2018.07.25-13.07.15:955][788]LightingResults: Warning: Cylinder004 Object has wrapping UVs.
[2018.07.25-13.07.16:039][792]LightingResults: Warning: Cylinder002 Object has wrapping UVs.
[2018.07.25-13.07.16:059][793]LightingResults: Warning: Cylinder005 Object has wrapping UVs.
[2018.07.25-13.07.16:080][794]LightingResults: Warning: Cylinder001 Object has wrapping UVs.
[2018.07.25-13.07.16:080][794]LightingResults: Warning: Cylinder004 Object has wrapping UVs.
[2018.07.25-13.07.16:224][801]LightingResults: Warning: Cylinder002 Object has wrapping UVs.
[2018.07.25-13.07.16:224][801]LightingResults: Warning: Cylinder005 Object has wrapping UVs.
[2018.07.25-13.07.16:266][803]LightingResults: Warning: Cylinder005 Object has wrapping UVs.
[2018.07.25-13.07.16:334][806]LightingResults: Warning: Cylinder001 Object has wrapping UVs.
[2018.07.25-13.07.16:454][812]LightingResults: Warning: Cylinder003 Object has wrapping UVs.
[2018.07.25-13.07.16:476][813]LightingResults: Warning: Cylinder001 Object has wrapping UVs.
[2018.07.25-13.07.16:494][814]LightingResults: Warning: Cylinder002 Object has wrapping UVs.
[2018.07.25-13.07.16:639][821]LightingResults: Warning: Cylinder004 Object has wrapping UVs.
[2018.07.25-13.07.16:659][822]LightingResults: Warning: Cylinder005 Object has wrapping UVs.
[2018.07.25-13.07.16:781][828]LightingResults: Warning: Cylinder003 Object has wrapping UVs.
[2018.07.25-13.07.17:092][843]LightingResults: Warning: Cylinder003 Object has wrapping UVs.
[2018.07.25-13.07.17:172][847]LightingResults: Warning: Cylinder001 Object has wrapping UVs.
[2018.07.25-13.07.17:282][852]LightingResults: Warning: Cylinder001 Object has wrapping UVs.
[2018.07.25-13.07.17:382][857]LightingResults: Warning: Cylinder004 Object has wrapping UVs.
[2018.07.25-13.07.17:422][859]LightingResults: Warning: Cylinder003 Object has wrapping UVs.
[2018.07.25-13.07.17:554][865]LightingResults: Warning: Cylinder005 Object has wrapping UVs.
[2018.07.25-13.07.17:554][865]LightingResults: Warning: Cylinder004 Object has wrapping UVs.
[2018.07.25-13.07.17:614][868]LightingResults: Warning: Cylinder003 Object has wrapping UVs.
[2018.07.25-13.07.17:614][868]LightingResults: Warning: Cylinder002 Object has wrapping UVs.
[2018.07.25-13.07.17:654][870]LightingResults: Warning: Cylinder003 Object has wrapping UVs.
[2018.07.25-13.07.17:674][871]LightingResults: Warning: Cylinder003 Object has wrapping UVs.
[2018.07.25-13.07.17:694][872]LightingResults: Warning: Cylinder004 Object has wrapping UVs.
[2018.07.25-13.07.17:734][874]LightingResults: Warning: Cylinder002 Object has wrapping UVs.
[2018.07.25-13.07.17:774][876]LightingResults: Warning: Cylinder002 Object has wrapping UVs.
[2018.07.25-13.07.17:836][880]Job is a success!
[2018.07.25-13.07.17:899][881]LogSlate: Took 0.000106 seconds to synchronously load lazily loaded font '../../../Engine/Content/Slate/Fonts/Roboto-Light.ttf' (167K)
[2018.07.25-13.07.17:900][881]LogSlate: FSceneViewport::OnFocusLost() reason 2
[2018.07.25-13.07.17:964][881]LogVolumetricLightmapImport: Imported Volumetric Lightmap in 0.015s
[2018.07.25-13.07.17:964][881]LogVolumetricLightmapImport:      Indirection Texture 16x16x16 = 0.0Mb
[2018.07.25-13.07.17:964][881]LogVolumetricLightmapImport:      BrickData 545x5x5 = 0.5Mb (trimmed 0.5Mb due to 0.010000 MinBrickError)
[2018.07.25-13.07.17:964][881]LogVolumetricLightmapImport:      Bricks at Level
[2018.07.25-13.07.17:964][881]LogVolumetricLightmapImport:          0: 0.9% covering 100.0% of volume
[2018.07.25-13.07.17:964][881]LogVolumetricLightmapImport:          1: 8.3% covering 14.1% of volume
[2018.07.25-13.07.17:964][881]LogVolumetricLightmapImport:          2: 90.8% covering 2.4% of volume
[2018.07.25-13.07.18:177][881]LightingResults: Warning: PointLight9_25 Severe performance loss: Failed to allocate shadowmap channel for stationary light due to overlap - light will fall back to dynamic shadows!
[2018.07.25-13.07.18:177][881]LightingResults: Warning: PointLight6_16 Severe performance loss: Failed to allocate shadowmap channel for stationary light due to overlap - light will fall back to dynamic shadows!
[2018.07.25-13.07.18:177][881]LightingResults: Warning: PointLight12_34 Severe performance loss: Failed to allocate shadowmap channel for stationary light due to overlap - light will fall back to dynamic shadows!
[2018.07.25-13.07.18:177][881]LightingResults: Warning: PointLight8_22 Severe performance loss: Failed to allocate shadowmap channel for stationary light due to overlap - light will fall back to dynamic shadows!
[2018.07.25-13.07.18:177][881]LightingResults: Warning: PointLight4_10 Severe performance loss: Failed to allocate shadowmap channel for stationary light due to overlap - light will fall back to dynamic shadows!
[2018.07.25-13.07.18:177][881]LightingResults: Warning: PointLight26_24 Severe performance loss: Failed to allocate shadowmap channel for stationary light due to overlap - light will fall back to dynamic shadows!
[2018.07.25-13.07.18:177][881]LightingResults: Warning: PointLight10_28 Severe performance loss: Failed to allocate shadowmap channel for stationary light due to overlap - light will fall back to dynamic shadows!
[2018.07.25-13.07.18:177][881]LightingResults: Warning: PointLight27_27 Severe performance loss: Failed to allocate shadowmap channel for stationary light due to overlap - light will fall back to dynamic shadows!
[2018.07.25-13.07.18:177][881]LightingResults: Warning: PointLight3_7 Severe performance loss: Failed to allocate shadowmap channel for stationary light due to overlap - light will fall back to dynamic shadows!
[2018.07.25-13.07.18:177][881]LightingResults: Warning: PointLight17_49 Severe performance loss: Failed to allocate shadowmap channel for stationary light due to overlap - light will fall back to dynamic shadows!
[2018.07.25-13.07.18:177][881]LightingResults: Warning: PointLight5_13 Severe performance loss: Failed to allocate shadowmap channel for stationary light due to overlap - light will fall back to dynamic shadows!
[2018.07.25-13.07.18:177][881]LightingResults: Warning: PointLight13_37 Severe performance loss: Failed to allocate shadowmap channel for stationary light due to overlap - light will fall back to dynamic shadows!
[2018.07.25-13.07.18:177][881]LightingResults: Warning: PointLight18_52 Severe performance loss: Failed to allocate shadowmap channel for stationary light due to overlap - light will fall back to dynamic shadows!
[2018.07.25-13.07.18:177][881]LightingResults: Warning: PointLight28_30 Severe performance loss: Failed to allocate shadowmap channel for stationary light due to overlap - light will fall back to dynamic shadows!
[2018.07.25-13.07.18:177][881]LightingResults: Warning: PointLight_1 Severe performance loss: Failed to allocate shadowmap channel for stationary light due to overlap - light will fall back to dynamic shadows!
[2018.07.25-13.07.18:177][881]LightingResults: Warning: PointLight16_46 Severe performance loss: Failed to allocate shadowmap channel for stationary light due to overlap - light will fall back to dynamic shadows!
[2018.07.25-13.07.18:177][881]LightingResults: Warning: PointLight22_12 Severe performance loss: Failed to allocate shadowmap channel for stationary light due to overlap - light will fall back to dynamic shadows!
[2018.07.25-13.07.18:177][881]LightingResults: Warning: PointLight23_15 Severe performance loss: Failed to allocate shadowmap channel for stationary light due to overlap - light will fall back to dynamic shadows!
[2018.07.25-13.07.18:178][881]LightingResults: Warning: PointLight19_3 Severe performance loss: Failed to allocate shadowmap channel for stationary light due to overlap - light will fall back to dynamic shadows!
[2018.07.25-13.07.18:178][881]LightingResults: Warning: PointLight29_33 Severe performance loss: Failed to allocate shadowmap channel for stationary light due to overlap - light will fall back to dynamic shadows!
[2018.07.25-13.07.18:178][881]LightingResults: Warning: PointLight30_36 Severe performance loss: Failed to allocate shadowmap channel for stationary light due to overlap - light will fall back to dynamic shadows!
[2018.07.25-13.07.19:317][881]LogTexture: Display: Building textures: SkyOcclusion0_1 (AutoDXT, 1024X512)
[2018.07.25-13.07.19:317][881]LogTexture: Display: Building textures: HQ_Lightmap0_1 (AutoDXT, 1024X1024)
[2018.07.25-13.07.19:317][881]LogTexture: Display: Building textures: LQ_Lightmap_0_1 (DXT1, 1024X1024)
[2018.07.25-13.07.19:317][881]LogTexture: Display: Building textures: SkyOcclusion0_2 (AutoDXT, 1024X512)
[2018.07.25-13.07.19:317][881]LogTexture: Display: Building textures: HQ_Lightmap0_2 (AutoDXT, 1024X1024)
[2018.07.25-13.07.19:317][881]LogTexture: Display: Building textures: LQ_Lightmap_0_2 (DXT1, 1024X1024)
[2018.07.25-13.07.19:317][881]LogTexture: Display: Building textures: SkyOcclusion0_3 (AutoDXT, 1024X512)
[2018.07.25-13.07.19:317][881]LogTexture: Display: Building textures: HQ_Lightmap0_3 (AutoDXT, 1024X1024)
[2018.07.25-13.07.19:317][881]LogTexture: Display: Building textures: LQ_Lightmap_0_3 (DXT1, 1024X1024)
[2018.07.25-13.07.19:317][881]LogTexture: Display: Building textures: SkyOcclusion0_4 (AutoDXT, 64X32)
[2018.07.25-13.07.19:317][881]LogTexture: Display: Building textures: HQ_Lightmap0_4 (AutoDXT, 64X64)
[2018.07.25-13.07.19:317][881]LogTexture: Display: Building textures: LQ_Lightmap_0_4 (DXT1, 64X64)
[2018.07.25-13.07.19:517][881]LogTexture: Display: Building textures: ShadowMapTexture2D_2 (G8, 32X32)
[2018.07.25-13.07.19:517][881]LogTexture: Display: Building textures: ShadowMapTexture2D_0 (BGRA8, 512X512)
[2018.07.25-13.07.19:543][881]LogTexture: Display: Building textures: ShadowMapTexture2D_1 (BGRA8, 1024X1024)
[2018.07.25-13.07.19:573][881]Lightmass on A334-14: 9.24 sec total, 114 ms importing, 13 ms setup, 1.30 sec photons, 7.79 sec processing, 0 ms extra exporting [365/365 mappings]. Threads: 54.4 sec total, 32.0 sec processing.
[2018.07.25-13.07.19:616][881]LogStaticLightingSystem: Illumination: 14.7 sec (1.12 sec encoding lightmaps, 221 ms encoding shadowmaps)
[2018.07.25-13.07.19:616][881]LogStaticLightingSystem: Lightmap texture memory:  8.0 MB (5.3 MB streaming, 2.7 MB non-streaming), 8 textures
[2018.07.25-13.07.19:616][881]LogStaticLightingSystem: Shadowmap texture memory: 6.7 MB (5.3 MB streaming, 1.3 MB non-streaming), 3 textures
[2018.07.25-13.07.20:038][881]DumpUnbuiltLightIteractions
[2018.07.25-13.07.20:038][881]Lights with unbuilt interactions: 0
[2018.07.25-13.07.20:038][881]
[2018.07.25-13.07.20:038][881]Primitives with unbuilt interactions: 0
[2018.07.25-13.07.20:155][882]Cmd: MAP CHECK NOTIFYRESULTS
[2018.07.25-13.07.20:155][882]MapCheck: New page: FirstPersonExampleMap - 25.07.2018 05:07:20
[2018.07.25-13.07.20:207][882]MapCheck: Map check complete: 0 Error(s), 0 Warning(s), took 52,701ms to complete.
[2018.07.25-13.07.25:494][ 70]LogSlate: FSceneViewport::OnFocusLost() reason 0
[2018.07.25-13.07.25:688][ 79]LogSlate: Window 'Message Log' being destroyed
[2018.07.25-13.07.25:712][ 79]LogSlate: Window 'Message Log' being destroyed
